This is pdfTeX, Version 3.14159265-2.6-1.40.20 (MiKTeX 2.9.7200 64-bit) (preloaded format=pdflatex 2019.11.5)  14 DEC 2019 00:23
entering extended mode
**./ProjectManagement.tex
(ProjectManagement.tex
LaTeX2e <2019-10-01>
("C:\Users\PC\AppData\Local\Programs\MiKTeX 2.9\tex/latex/base\book.cls"
Document Class: book 2019/08/27 v1.4j Standard LaTeX document class
("C:\Users\PC\AppData\Local\Programs\MiKTeX 2.9\tex/latex/base\bk10.clo"
File: bk10.clo 2019/08/27 v1.4j Standard LaTeX file (size option)
)
\c@part=\count80
\c@chapter=\count81
\c@section=\count82
\c@subsection=\count83
\c@subsubsection=\count84
\c@paragraph=\count85
\c@subparagraph=\count86
\c@figure=\count87
\c@table=\count88
\abovecaptionskip=\skip41
\belowcaptionskip=\skip42
\bibindent=\dimen102
)
("C:\Users\PC\AppData\Local\Programs\MiKTeX 2.9\tex/latex/vntex\vietnam.sty"
Package: vietnam 2009/07/12 v1.3 support for Vietnamese

("C:\Users\PC\AppData\Local\Programs\MiKTeX 2.9\tex/latex/base\ifthen.sty"
Package: ifthen 2014/09/29 v1.1c Standard LaTeX ifthen package (DPC)
)
("C:\Users\PC\AppData\Local\Programs\MiKTeX 2.9\tex/latex/base\fontenc.sty"
Package: fontenc 2018/08/11 v2.0j Standard LaTeX package

("C:\Users\PC\AppData\Local\Programs\MiKTeX 2.9\tex/latex/vntex\t5enc.def"
File: t5enc.def 2006/11/21 v1.4 Vietnamese T5 encoding
Now handling font encoding T5 ...
... processing UTF-8 mapping file for font encoding T5

("C:\Users\PC\AppData\Local\Programs\MiKTeX 2.9\tex/latex/vntex\t5enc.dfu"
File: t5enc.dfu 2006/08/19 v1.1 UTF8 support for Vietnamese
   defining Unicode char U+00AB (decimal 171)
   defining Unicode char U+00BB (decimal 187)
   defining Unicode char U+00C0 (decimal 192)
   defining Unicode char U+00C1 (decimal 193)
   defining Unicode char U+00C2 (decimal 194)
   defining Unicode char U+00C3 (decimal 195)
   defining Unicode char U+00C8 (decimal 200)
   defining Unicode char U+00C9 (decimal 201)
   defining Unicode char U+00CA (decimal 202)
   defining Unicode char U+00CC (decimal 204)
   defining Unicode char U+00CD (decimal 205)
   defining Unicode char U+00D2 (decimal 210)
   defining Unicode char U+00D3 (decimal 211)
   defining Unicode char U+00D4 (decimal 212)
   defining Unicode char U+00D5 (decimal 213)
   defining Unicode char U+00D9 (decimal 217)
   defining Unicode char U+00DA (decimal 218)
   defining Unicode char U+00DD (decimal 221)
   defining Unicode char U+00E0 (decimal 224)
   defining Unicode char U+00E1 (decimal 225)
   defining Unicode char U+00E2 (decimal 226)
   defining Unicode char U+00E3 (decimal 227)
   defining Unicode char U+00E8 (decimal 232)
   defining Unicode char U+00E9 (decimal 233)
   defining Unicode char U+00EA (decimal 234)
   defining Unicode char U+00EC (decimal 236)
   defining Unicode char U+00ED (decimal 237)
   defining Unicode char U+00F2 (decimal 242)
   defining Unicode char U+00F3 (decimal 243)
   defining Unicode char U+00F4 (decimal 244)
   defining Unicode char U+00F5 (decimal 245)
   defining Unicode char U+00F9 (decimal 249)
   defining Unicode char U+00FA (decimal 250)
   defining Unicode char U+00FD (decimal 253)
   defining Unicode char U+0102 (decimal 258)
   defining Unicode char U+0103 (decimal 259)
   defining Unicode char U+0110 (decimal 272)
   defining Unicode char U+0111 (decimal 273)
   defining Unicode char U+0128 (decimal 296)
   defining Unicode char U+0129 (decimal 297)
   defining Unicode char U+0131 (decimal 305)
   defining Unicode char U+0168 (decimal 360)
   defining Unicode char U+0169 (decimal 361)
   defining Unicode char U+01A0 (decimal 416)
   defining Unicode char U+01A1 (decimal 417)
   defining Unicode char U+01AF (decimal 431)
   defining Unicode char U+01B0 (decimal 432)
   defining Unicode char U+1EA0 (decimal 7840)
   defining Unicode char U+1EA1 (decimal 7841)
   defining Unicode char U+1EA2 (decimal 7842)
   defining Unicode char U+1EA3 (decimal 7843)
   defining Unicode char U+1EA4 (decimal 7844)
   defining Unicode char U+1EA5 (decimal 7845)
   defining Unicode char U+1EA6 (decimal 7846)
   defining Unicode char U+1EA7 (decimal 7847)
   defining Unicode char U+1EA8 (decimal 7848)
   defining Unicode char U+1EA9 (decimal 7849)
   defining Unicode char U+1EAA (decimal 7850)
   defining Unicode char U+1EAB (decimal 7851)
   defining Unicode char U+1EAC (decimal 7852)
   defining Unicode char U+1EAD (decimal 7853)
   defining Unicode char U+1EAE (decimal 7854)
   defining Unicode char U+1EAF (decimal 7855)
   defining Unicode char U+1EB0 (decimal 7856)
   defining Unicode char U+1EB1 (decimal 7857)
   defining Unicode char U+1EB2 (decimal 7858)
   defining Unicode char U+1EB3 (decimal 7859)
   defining Unicode char U+1EB4 (decimal 7860)
   defining Unicode char U+1EB5 (decimal 7861)
   defining Unicode char U+1EB6 (decimal 7862)
   defining Unicode char U+1EB7 (decimal 7863)
   defining Unicode char U+1EB8 (decimal 7864)
   defining Unicode char U+1EB9 (decimal 7865)
   defining Unicode char U+1EBA (decimal 7866)
   defining Unicode char U+1EBB (decimal 7867)
   defining Unicode char U+1EBC (decimal 7868)
   defining Unicode char U+1EBD (decimal 7869)
   defining Unicode char U+1EBE (decimal 7870)
   defining Unicode char U+1EBF (decimal 7871)
   defining Unicode char U+1EC0 (decimal 7872)
   defining Unicode char U+1EC1 (decimal 7873)
   defining Unicode char U+1EC2 (decimal 7874)
   defining Unicode char U+1EC3 (decimal 7875)
   defining Unicode char U+1EC4 (decimal 7876)
   defining Unicode char U+1EC5 (decimal 7877)
   defining Unicode char U+1EC6 (decimal 7878)
   defining Unicode char U+1EC7 (decimal 7879)
   defining Unicode char U+1EC8 (decimal 7880)
   defining Unicode char U+1EC9 (decimal 7881)
   defining Unicode char U+1ECA (decimal 7882)
   defining Unicode char U+1ECB (decimal 7883)
   defining Unicode char U+1ECC (decimal 7884)
   defining Unicode char U+1ECD (decimal 7885)
   defining Unicode char U+1ECE (decimal 7886)
   defining Unicode char U+1ECF (decimal 7887)
   defining Unicode char U+1ED0 (decimal 7888)
   defining Unicode char U+1ED1 (decimal 7889)
   defining Unicode char U+1ED2 (decimal 7890)
   defining Unicode char U+1ED3 (decimal 7891)
   defining Unicode char U+1ED4 (decimal 7892)
   defining Unicode char U+1ED5 (decimal 7893)
   defining Unicode char U+1ED6 (decimal 7894)
   defining Unicode char U+1ED7 (decimal 7895)
   defining Unicode char U+1ED8 (decimal 7896)
   defining Unicode char U+1ED9 (decimal 7897)
   defining Unicode char U+1EDA (decimal 7898)
   defining Unicode char U+1EDB (decimal 7899)
   defining Unicode char U+1EDC (decimal 7900)
   defining Unicode char U+1EDD (decimal 7901)
   defining Unicode char U+1EDE (decimal 7902)
   defining Unicode char U+1EDF (decimal 7903)
   defining Unicode char U+1EE0 (decimal 7904)
   defining Unicode char U+1EE1 (decimal 7905)
   defining Unicode char U+1EE2 (decimal 7906)
   defining Unicode char U+1EE3 (decimal 7907)
   defining Unicode char U+1EE4 (decimal 7908)
   defining Unicode char U+1EE5 (decimal 7909)
   defining Unicode char U+1EE6 (decimal 7910)
   defining Unicode char U+1EE7 (decimal 7911)
   defining Unicode char U+1EE8 (decimal 7912)
   defining Unicode char U+1EE9 (decimal 7913)
   defining Unicode char U+1EEA (decimal 7914)
   defining Unicode char U+1EEB (decimal 7915)
   defining Unicode char U+1EEC (decimal 7916)
   defining Unicode char U+1EED (decimal 7917)
   defining Unicode char U+1EEE (decimal 7918)
   defining Unicode char U+1EEF (decimal 7919)
   defining Unicode char U+1EF0 (decimal 7920)
   defining Unicode char U+1EF1 (decimal 7921)
   defining Unicode char U+1EF2 (decimal 7922)
   defining Unicode char U+1EF3 (decimal 7923)
   defining Unicode char U+1EF4 (decimal 7924)
   defining Unicode char U+1EF5 (decimal 7925)
   defining Unicode char U+1EF6 (decimal 7926)
   defining Unicode char U+1EF7 (decimal 7927)
   defining Unicode char U+1EF8 (decimal 7928)
   defining Unicode char U+1EF9 (decimal 7929)
   defining Unicode char U+200C (decimal 8204)
   defining Unicode char U+2013 (decimal 8211)
   defining Unicode char U+2014 (decimal 8212)
   defining Unicode char U+2018 (decimal 8216)
   defining Unicode char U+2019 (decimal 8217)
   defining Unicode char U+201A (decimal 8218)
   defining Unicode char U+201C (decimal 8220)
   defining Unicode char U+201D (decimal 8221)
   defining Unicode char U+201E (decimal 8222)
   defining Unicode char U+2030 (decimal 8240)
   defining Unicode char U+2031 (decimal 8241)
   defining Unicode char U+2039 (decimal 8249)
   defining Unicode char U+203A (decimal 8250)
   defining Unicode char U+2423 (decimal 9251)
))
LaTeX Font Info:    Trying to load font information for T5+cmr on input line 10
5.

("C:\Users\PC\AppData\Local\Programs\MiKTeX 2.9\tex/latex/vntex\t5cmr.fd"
File: t5cmr.fd 1999/05/25 v2.5h Standard LaTeX font definitions
))
("C:\Users\PC\AppData\Local\Programs\MiKTeX 2.9\tex/latex/base\inputenc.sty"
Package: inputenc 2018/08/11 v1.3c Input encoding file
\inpenc@prehook=\toks14
\inpenc@posthook=\toks15
)
("C:\Users\PC\AppData\Local\Programs\MiKTeX 2.9\tex/latex/vntex\vncaps.tex"
File: vncaps.tex 2006/06/07 v1.1 Captions in Vietnamese
))
("C:\Users\PC\AppData\Local\Programs\MiKTeX 2.9\tex/latex/csquotes\csquotes.sty
"
Package: csquotes 2019/05/10 v5.2e context-sensitive quotations (JAW)

("C:\Users\PC\AppData\Local\Programs\MiKTeX 2.9\tex/latex/etoolbox\etoolbox.sty
"
Package: etoolbox 2019/09/21 v2.5h e-TeX tools for LaTeX (JAW)
\etb@tempcnta=\count89
) ("C:\Users\PC\AppData\Local\Programs\MiKTeX 2.9\tex/latex/graphics\keyval.sty
"
Package: keyval 2014/10/28 v1.15 key=value parser (DPC)
\KV@toks@=\toks16
)
\csq@reset=\count90
\csq@gtype=\count91
\csq@glevel=\count92
\csq@qlevel=\count93
\csq@maxlvl=\count94
\csq@tshold=\count95
\csq@ltx@everypar=\toks17

("C:\Users\PC\AppData\Local\Programs\MiKTeX 2.9\tex/latex/csquotes\csquotes.def
"
File: csquotes.def 2019/05/10 v5.2e csquotes generic definitions (JAW)
)
Package csquotes Info: Trying to load configuration file 'csquotes.cfg'...
Package csquotes Info: ... configuration file loaded successfully.

("C:\Users\PC\AppData\Local\Programs\MiKTeX 2.9\tex/latex/csquotes\csquotes.cfg
"
File: csquotes.cfg 
)) ("C:\Users\PC\AppData\Local\Programs\MiKTeX 2.9\tex/latex/lipsum\lipsum.sty"
 ("C:\Users\PC\AppData\Local\Programs\MiKTeX 2.9\tex/latex/l3kernel\expl3.sty"
Package: expl3 2019-10-28 L3 programming layer (loader) 

("C:\Users\PC\AppData\Local\Programs\MiKTeX 2.9\tex/latex/l3kernel\expl3-code.t
ex"
Package: expl3 2019-10-28 L3 programming layer (code)
\c_max_int=\count96
\l_tmpa_int=\count97
\l_tmpb_int=\count98
\g_tmpa_int=\count99
\g_tmpb_int=\count100
\l__seq_internal_a_int=\count101
\l__seq_internal_b_int=\count102
\g__kernel_prg_map_int=\count103
\c__ior_term_noprompt_ior=\count104
\c_log_iow=\count105
\l_iow_line_count_int=\count106
\l__iow_line_target_int=\count107
\l__iow_one_indent_int=\count108
\l__iow_indent_int=\count109
\c_zero_dim=\dimen103
\c_max_dim=\dimen104
\l_tmpa_dim=\dimen105
\l_tmpb_dim=\dimen106
\g_tmpa_dim=\dimen107
\g_tmpb_dim=\dimen108
\c_zero_skip=\skip43
\c_max_skip=\skip44
\l_tmpa_skip=\skip45
\l_tmpb_skip=\skip46
\g_tmpa_skip=\skip47
\g_tmpb_skip=\skip48
\c_zero_muskip=\muskip10
\c_max_muskip=\muskip11
\l_tmpa_muskip=\muskip12
\l_tmpb_muskip=\muskip13
\g_tmpa_muskip=\muskip14
\g_tmpb_muskip=\muskip15
\l_keys_choice_int=\count110
\l__intarray_loop_int=\count111
\c__intarray_sp_dim=\dimen109
\g__intarray_font_int=\count112
\c__fp_leading_shift_int=\count113
\c__fp_middle_shift_int=\count114
\c__fp_trailing_shift_int=\count115
\c__fp_big_leading_shift_int=\count116
\c__fp_big_middle_shift_int=\count117
\c__fp_big_trailing_shift_int=\count118
\c__fp_Bigg_leading_shift_int=\count119
\c__fp_Bigg_middle_shift_int=\count120
\c__fp_Bigg_trailing_shift_int=\count121
\c__kernel_randint_max_int=\count122
\g__fp_array_int=\count123
\l__fp_array_loop_int=\count124
\l__sort_length_int=\count125
\l__sort_min_int=\count126
\l__sort_top_int=\count127
\l__sort_max_int=\count128
\l__sort_true_max_int=\count129
\l__sort_block_int=\count130
\l__sort_begin_int=\count131
\l__sort_end_int=\count132
\l__sort_A_int=\count133
\l__sort_B_int=\count134
\l__sort_C_int=\count135
\l__str_internal_int=\count136
\c__str_replacement_char_int=\count137
\l__tl_analysis_normal_int=\count138
\l__tl_analysis_index_int=\count139
\l__tl_analysis_nesting_int=\count140
\l__tl_analysis_type_int=\count141
\l__regex_internal_a_int=\count142
\l__regex_internal_b_int=\count143
\l__regex_internal_c_int=\count144
\l__regex_balance_int=\count145
\l__regex_group_level_int=\count146
\l__regex_mode_int=\count147
\c__regex_cs_in_class_mode_int=\count148
\c__regex_cs_mode_int=\count149
\l__regex_catcodes_int=\count150
\l__regex_default_catcodes_int=\count151
\c__regex_catcode_D_int=\count152
\c__regex_catcode_S_int=\count153
\c__regex_catcode_L_int=\count154
\c__regex_catcode_O_int=\count155
\c__regex_catcode_A_int=\count156
\c__regex_all_catcodes_int=\count157
\l__regex_show_lines_int=\count158
\l__regex_min_state_int=\count159
\l__regex_max_state_int=\count160
\l__regex_left_state_int=\count161
\l__regex_right_state_int=\count162
\l__regex_capturing_group_int=\count163
\l__regex_min_pos_int=\count164
\l__regex_max_pos_int=\count165
\l__regex_curr_pos_int=\count166
\l__regex_start_pos_int=\count167
\l__regex_success_pos_int=\count168
\l__regex_curr_char_int=\count169
\l__regex_curr_catcode_int=\count170
\l__regex_last_char_int=\count171
\l__regex_case_changed_char_int=\count172
\l__regex_curr_state_int=\count173
\l__regex_step_int=\count174
\l__regex_min_active_int=\count175
\l__regex_max_active_int=\count176
\l__regex_replacement_csnames_int=\count177
\l__regex_match_count_int=\count178
\l__regex_min_submatch_int=\count179
\l__regex_submatch_int=\count180
\l__regex_zeroth_submatch_int=\count181
\g__regex_trace_regex_int=\count182
\c_empty_box=\box27
\l_tmpa_box=\box28
\l_tmpb_box=\box29
\g_tmpa_box=\box30
\g_tmpb_box=\box31
\l__box_top_dim=\dimen110
\l__box_bottom_dim=\dimen111
\l__box_left_dim=\dimen112
\l__box_right_dim=\dimen113
\l__box_top_new_dim=\dimen114
\l__box_bottom_new_dim=\dimen115
\l__box_left_new_dim=\dimen116
\l__box_right_new_dim=\dimen117
\l__box_internal_box=\box32
\l__coffin_internal_box=\box33
\l__coffin_internal_dim=\dimen118
\l__coffin_offset_x_dim=\dimen119
\l__coffin_offset_y_dim=\dimen120
\l__coffin_x_dim=\dimen121
\l__coffin_y_dim=\dimen122
\l__coffin_x_prime_dim=\dimen123
\l__coffin_y_prime_dim=\dimen124
\c_empty_coffin=\box34
\l__coffin_aligned_coffin=\box35
\l__coffin_aligned_internal_coffin=\box36
\l_tmpa_coffin=\box37
\l_tmpb_coffin=\box38
\g_tmpa_coffin=\box39
\g_tmpb_coffin=\box40
\l__coffin_bounding_shift_dim=\dimen125
\l__coffin_left_corner_dim=\dimen126
\l__coffin_right_corner_dim=\dimen127
\l__coffin_bottom_corner_dim=\dimen128
\l__coffin_top_corner_dim=\dimen129
\l__coffin_scaled_total_height_dim=\dimen130
\l__coffin_scaled_width_dim=\dimen131
\c__coffin_empty_coffin=\box41
\l__coffin_display_coffin=\box42
\l__coffin_display_coord_coffin=\box43
\l__coffin_display_pole_coffin=\box44
\l__coffin_display_offset_dim=\dimen132
\l__coffin_display_x_dim=\dimen133
\l__coffin_display_y_dim=\dimen134
\g__char_data_ior=\read1

("C:\Users\PC\AppData\Local\Programs\MiKTeX 2.9\tex/latex/l3kernel\l3deprecatio
n.def"
File: l3deprecation.def 2019-04-06 v L3 Deprecated functions
))
("C:\Users\PC\AppData\Local\Programs\MiKTeX 2.9\tex/latex/l3backend\l3backend-p
dfmode.def"
File: l3backend-pdfmode.def 2019-04-06 L3 backend support: PDF mode
\l__kernel_color_stack_int=\count183
\l__pdf_internal_box=\box45
))
("C:\Users\PC\AppData\Local\Programs\MiKTeX 2.9\tex/latex/l3packages/xparse\xpa
rse.sty"
Package: xparse 2019-10-11 L3 Experimental document command parser
\l__xparse_current_arg_int=\count184
\g__xparse_grabber_int=\count185
\l__xparse_m_args_int=\count186
\l__xparse_v_nesting_int=\count187
)
Package: lipsum 2019/01/02 v2.2 150 paragraphs of Lorem Ipsum dummy text

("C:\Users\PC\AppData\Local\Programs\MiKTeX 2.9\tex/latex/lipsum\lipsum.ltd.tex
"
File: lipsum.ltd.tex 2019/01/02 v2.2 The Lorem ipsum dummy text
)) ("C:\Users\PC\AppData\Local\Programs\MiKTeX 2.9\tex/latex/psnfss\times.sty"
Package: times 2005/04/12 PSNFSS-v9.2a (SPQR) 
) ("C:\Users\PC\AppData\Local\Programs\MiKTeX 2.9\tex/latex/xcolor\xcolor.sty"
Package: xcolor 2016/05/11 v2.12 LaTeX color extensions (UK)

("C:\Users\PC\AppData\Local\Programs\MiKTeX 2.9\tex/latex/graphics-cfg\color.cf
g"
File: color.cfg 2016/01/02 v1.6 sample color configuration
)
Package xcolor Info: Driver file: pdftex.def on input line 225.

("C:\Users\PC\AppData\Local\Programs\MiKTeX 2.9\tex/latex/graphics-def\pdftex.d
ef"
File: pdftex.def 2018/01/08 v1.0l Graphics/color driver for pdftex
)
("C:\Users\PC\AppData\Local\Programs\MiKTeX 2.9\tex/latex/colortbl\colortbl.sty
"
Package: colortbl 2018/12/12 v1.0d Color table columns (DPC)
 ("C:\Users\PC\AppData\Local\Programs\MiKTeX 2.9\tex/latex/tools\array.sty"
Package: array 2019/08/31 v2.4l Tabular extension package (FMi)
\col@sep=\dimen135
\ar@mcellbox=\box46
\extrarowheight=\dimen136
\NC@list=\toks18
\extratabsurround=\skip49
\backup@length=\skip50
\ar@cellbox=\box47
)
\everycr=\toks19
\minrowclearance=\skip51
)
\rownum=\count188
Package xcolor Info: Model `cmy' substituted by `cmy0' on input line 1348.
Package xcolor Info: Model `hsb' substituted by `rgb' on input line 1352.
Package xcolor Info: Model `RGB' extended on input line 1364.
Package xcolor Info: Model `HTML' substituted by `rgb' on input line 1366.
Package xcolor Info: Model `Hsb' substituted by `hsb' on input line 1367.
Package xcolor Info: Model `tHsb' substituted by `hsb' on input line 1368.
Package xcolor Info: Model `HSB' substituted by `hsb' on input line 1369.
Package xcolor Info: Model `Gray' substituted by `gray' on input line 1370.
Package xcolor Info: Model `wave' substituted by `hsb' on input line 1371.
) ("C:\Users\PC\AppData\Local\Programs\MiKTeX 2.9\tex/latex/multirow\multirow.s
ty"
Package: multirow 2019/05/31 v2.5 Span multiple rows of a table
\multirow@colwidth=\skip52
\multirow@cntb=\count189
\multirow@dima=\skip53
\bigstrutjot=\dimen137
)
("C:\Users\PC\AppData\Local\Programs\MiKTeX 2.9\tex/latex/geometry\geometry.sty
"
Package: geometry 2018/04/16 v5.8 Page Geometry
 ("C:\Users\PC\AppData\Local\Programs\MiKTeX 2.9\tex/generic/oberdiek\ifpdf.sty
"
Package: ifpdf 2018/09/07 v3.3 Provides the ifpdf switch
)
("C:\Users\PC\AppData\Local\Programs\MiKTeX 2.9\tex/generic/oberdiek\ifvtex.sty
"
Package: ifvtex 2016/05/16 v1.6 Detect VTeX and its facilities (HO)
Package ifvtex Info: VTeX not detected.
)
("C:\Users\PC\AppData\Local\Programs\MiKTeX 2.9\tex/generic/ifxetex\ifxetex.sty
"
Package: ifxetex 2010/09/12 v0.6 Provides ifxetex conditional
)
\Gm@cnth=\count190
\Gm@cntv=\count191
\c@Gm@tempcnt=\count192
\Gm@bindingoffset=\dimen138
\Gm@wd@mp=\dimen139
\Gm@odd@mp=\dimen140
\Gm@even@mp=\dimen141
\Gm@layoutwidth=\dimen142
\Gm@layoutheight=\dimen143
\Gm@layouthoffset=\dimen144
\Gm@layoutvoffset=\dimen145
\Gm@dimlist=\toks20

("C:\Users\PC\AppData\Local\Programs\MiKTeX 2.9\tex/latex/geometry\geometry.cfg
"))
("C:\Users\PC\AppData\Local\Programs\MiKTeX 2.9\tex/latex/fancyhdr\fancyhdr.sty
"
Package: fancyhdr 2019/01/31 v3.10 Extensive control of page headers and footer
s
\f@nch@headwidth=\skip54
\f@nch@O@elh=\skip55
\f@nch@O@erh=\skip56
\f@nch@O@olh=\skip57
\f@nch@O@orh=\skip58
\f@nch@O@elf=\skip59
\f@nch@O@erf=\skip60
\f@nch@O@olf=\skip61
\f@nch@O@orf=\skip62
)
("C:\Users\PC\AppData\Local\Programs\MiKTeX 2.9\tex/latex/graphics\graphicx.sty
"
Package: graphicx 2017/06/01 v1.1a Enhanced LaTeX Graphics (DPC,SPQR)

("C:\Users\PC\AppData\Local\Programs\MiKTeX 2.9\tex/latex/graphics\graphics.sty
"
Package: graphics 2019/07/20 v1.3b Standard LaTeX Graphics (DPC,SPQR)
 ("C:\Users\PC\AppData\Local\Programs\MiKTeX 2.9\tex/latex/graphics\trig.sty"
Package: trig 2016/01/03 v1.10 sin cos tan (DPC)
)
("C:\Users\PC\AppData\Local\Programs\MiKTeX 2.9\tex/latex/graphics-cfg\graphics
.cfg"
File: graphics.cfg 2016/06/04 v1.11 sample graphics configuration
)
Package graphics Info: Driver file: pdftex.def on input line 105.
)
\Gin@req@height=\dimen146
\Gin@req@width=\dimen147
)
("C:\Users\PC\AppData\Local\Programs\MiKTeX 2.9\tex/latex/caption\caption.sty"
Package: caption 2019/09/01 v3.3d Customizing captions (AR)

("C:\Users\PC\AppData\Local\Programs\MiKTeX 2.9\tex/latex/caption\caption3.sty"
Package: caption3 2019/09/01 v1.8d caption3 kernel (AR)
Package caption3 Info: TeX engine: e-TeX on input line 64.
\captionmargin=\dimen148
\captionmargin@=\dimen149
\captionwidth=\dimen150
\caption@tempdima=\dimen151
\caption@indent=\dimen152
\caption@parindent=\dimen153
\caption@hangindent=\dimen154
)
\c@caption@flags=\count193
\c@ContinuedFloat=\count194
)
("C:\Users\PC\AppData\Local\Programs\MiKTeX 2.9\tex/latex/listings\listings.sty
"
\lst@mode=\count195
\lst@gtempboxa=\box48
\lst@token=\toks21
\lst@length=\count196
\lst@currlwidth=\dimen155
\lst@column=\count197
\lst@pos=\count198
\lst@lostspace=\dimen156
\lst@width=\dimen157
\lst@newlines=\count199
\lst@lineno=\count266
\lst@maxwidth=\dimen158
 ("C:\Users\PC\AppData\Local\Programs\MiKTeX 2.9\tex/latex/listings\lstmisc.sty
"
File: lstmisc.sty 2019/09/10 1.8c (Carsten Heinz)
\c@lstnumber=\count267
\lst@skipnumbers=\count268
\lst@framebox=\box49
)
("C:\Users\PC\AppData\Local\Programs\MiKTeX 2.9\tex/latex/listings\listings.cfg
"
File: listings.cfg 2019/09/10 1.8c listings configuration
))
Package: listings 2019/09/10 1.8c (Carsten Heinz)

("C:\Users\PC\AppData\Local\Programs\MiKTeX 2.9\tex/latex/pgf/frontendlayer\tik
z.sty"
("C:\Users\PC\AppData\Local\Programs\MiKTeX 2.9\tex/latex/pgf/basiclayer\pgf.st
y"
("C:\Users\PC\AppData\Local\Programs\MiKTeX 2.9\tex/latex/pgf/utilities\pgfrcs.
sty"
("C:\Users\PC\AppData\Local\Programs\MiKTeX 2.9\tex/generic/pgf/utilities\pgfut
il-common.tex"
\pgfutil@everybye=\toks22
\pgfutil@tempdima=\dimen159
\pgfutil@tempdimb=\dimen160

("C:\Users\PC\AppData\Local\Programs\MiKTeX 2.9\tex/generic/pgf/utilities\pgfut
il-common-lists.tex"))
("C:\Users\PC\AppData\Local\Programs\MiKTeX 2.9\tex/generic/pgf/utilities\pgfut
il-latex.def"
\pgfutil@abb=\box50

("C:\Users\PC\AppData\Local\Programs\MiKTeX 2.9\tex/latex/ms\everyshi.sty"
Package: everyshi 2001/05/15 v3.00 EveryShipout Package (MS)
))
("C:\Users\PC\AppData\Local\Programs\MiKTeX 2.9\tex/generic/pgf/utilities\pgfrc
s.code.tex"
("C:\Users\PC\AppData\Local\Programs\MiKTeX 2.9\tex/generic/pgf\pgf.revision.te
x")
Package: pgfrcs 2019/08/03 v3.1.4b (3.1.4b)
))
Package: pgf 2019/08/03 v3.1.4b (3.1.4b)

("C:\Users\PC\AppData\Local\Programs\MiKTeX 2.9\tex/latex/pgf/basiclayer\pgfcor
e.sty"
("C:\Users\PC\AppData\Local\Programs\MiKTeX 2.9\tex/latex/pgf/systemlayer\pgfsy
s.sty"
("C:\Users\PC\AppData\Local\Programs\MiKTeX 2.9\tex/generic/pgf/systemlayer\pgf
sys.code.tex"
Package: pgfsys 2019/08/03 v3.1.4b (3.1.4b)

("C:\Users\PC\AppData\Local\Programs\MiKTeX 2.9\tex/generic/pgf/utilities\pgfke
ys.code.tex"
\pgfkeys@pathtoks=\toks23
\pgfkeys@temptoks=\toks24

("C:\Users\PC\AppData\Local\Programs\MiKTeX 2.9\tex/generic/pgf/utilities\pgfke
ysfiltered.code.tex"
\pgfkeys@tmptoks=\toks25
))
\pgf@x=\dimen161
\pgf@y=\dimen162
\pgf@xa=\dimen163
\pgf@ya=\dimen164
\pgf@xb=\dimen165
\pgf@yb=\dimen166
\pgf@xc=\dimen167
\pgf@yc=\dimen168
\pgf@xd=\dimen169
\pgf@yd=\dimen170
\w@pgf@writea=\write3
\r@pgf@reada=\read2
\c@pgf@counta=\count269
\c@pgf@countb=\count270
\c@pgf@countc=\count271
\c@pgf@countd=\count272
\t@pgf@toka=\toks26
\t@pgf@tokb=\toks27
\t@pgf@tokc=\toks28
\pgf@sys@id@count=\count273

("C:\Users\PC\AppData\Local\Programs\MiKTeX 2.9\tex/generic/pgf/systemlayer\pgf
.cfg"
File: pgf.cfg 2019/08/03 v3.1.4b (3.1.4b)
)
Driver file for pgf: pgfsys-pdftex.def

("C:\Users\PC\AppData\Local\Programs\MiKTeX 2.9\tex/generic/pgf/systemlayer\pgf
sys-pdftex.def"
File: pgfsys-pdftex.def 2019/08/03 v3.1.4b (3.1.4b)

("C:\Users\PC\AppData\Local\Programs\MiKTeX 2.9\tex/generic/pgf/systemlayer\pgf
sys-common-pdf.def"
File: pgfsys-common-pdf.def 2019/08/03 v3.1.4b (3.1.4b)
)))
("C:\Users\PC\AppData\Local\Programs\MiKTeX 2.9\tex/generic/pgf/systemlayer\pgf
syssoftpath.code.tex"
File: pgfsyssoftpath.code.tex 2019/08/03 v3.1.4b (3.1.4b)
\pgfsyssoftpath@smallbuffer@items=\count274
\pgfsyssoftpath@bigbuffer@items=\count275
)
("C:\Users\PC\AppData\Local\Programs\MiKTeX 2.9\tex/generic/pgf/systemlayer\pgf
sysprotocol.code.tex"
File: pgfsysprotocol.code.tex 2019/08/03 v3.1.4b (3.1.4b)
))
("C:\Users\PC\AppData\Local\Programs\MiKTeX 2.9\tex/generic/pgf/basiclayer\pgfc
ore.code.tex"
Package: pgfcore 2019/08/03 v3.1.4b (3.1.4b)

("C:\Users\PC\AppData\Local\Programs\MiKTeX 2.9\tex/generic/pgf/math\pgfmath.co
de.tex"
("C:\Users\PC\AppData\Local\Programs\MiKTeX 2.9\tex/generic/pgf/math\pgfmathcal
c.code.tex"
("C:\Users\PC\AppData\Local\Programs\MiKTeX 2.9\tex/generic/pgf/math\pgfmathuti
l.code.tex")
("C:\Users\PC\AppData\Local\Programs\MiKTeX 2.9\tex/generic/pgf/math\pgfmathpar
ser.code.tex"
\pgfmath@dimen=\dimen171
\pgfmath@count=\count276
\pgfmath@box=\box51
\pgfmath@toks=\toks29
\pgfmath@stack@operand=\toks30
\pgfmath@stack@operation=\toks31
)
("C:\Users\PC\AppData\Local\Programs\MiKTeX 2.9\tex/generic/pgf/math\pgfmathfun
ctions.code.tex"
("C:\Users\PC\AppData\Local\Programs\MiKTeX 2.9\tex/generic/pgf/math\pgfmathfun
ctions.basic.code.tex")
("C:\Users\PC\AppData\Local\Programs\MiKTeX 2.9\tex/generic/pgf/math\pgfmathfun
ctions.trigonometric.code.tex")
("C:\Users\PC\AppData\Local\Programs\MiKTeX 2.9\tex/generic/pgf/math\pgfmathfun
ctions.random.code.tex")
("C:\Users\PC\AppData\Local\Programs\MiKTeX 2.9\tex/generic/pgf/math\pgfmathfun
ctions.comparison.code.tex")
("C:\Users\PC\AppData\Local\Programs\MiKTeX 2.9\tex/generic/pgf/math\pgfmathfun
ctions.base.code.tex")
("C:\Users\PC\AppData\Local\Programs\MiKTeX 2.9\tex/generic/pgf/math\pgfmathfun
ctions.round.code.tex")
("C:\Users\PC\AppData\Local\Programs\MiKTeX 2.9\tex/generic/pgf/math\pgfmathfun
ctions.misc.code.tex")
("C:\Users\PC\AppData\Local\Programs\MiKTeX 2.9\tex/generic/pgf/math\pgfmathfun
ctions.integerarithmetics.code.tex")))
("C:\Users\PC\AppData\Local\Programs\MiKTeX 2.9\tex/generic/pgf/math\pgfmathflo
at.code.tex"
\c@pgfmathroundto@lastzeros=\count277
))
("C:\Users\PC\AppData\Local\Programs\MiKTeX 2.9\tex/generic/pgf/math\pgfint.cod
e.tex")
("C:\Users\PC\AppData\Local\Programs\MiKTeX 2.9\tex/generic/pgf/basiclayer\pgfc
orepoints.code.tex"
File: pgfcorepoints.code.tex 2019/08/03 v3.1.4b (3.1.4b)
\pgf@picminx=\dimen172
\pgf@picmaxx=\dimen173
\pgf@picminy=\dimen174
\pgf@picmaxy=\dimen175
\pgf@pathminx=\dimen176
\pgf@pathmaxx=\dimen177
\pgf@pathminy=\dimen178
\pgf@pathmaxy=\dimen179
\pgf@xx=\dimen180
\pgf@xy=\dimen181
\pgf@yx=\dimen182
\pgf@yy=\dimen183
\pgf@zx=\dimen184
\pgf@zy=\dimen185
)
("C:\Users\PC\AppData\Local\Programs\MiKTeX 2.9\tex/generic/pgf/basiclayer\pgfc
orepathconstruct.code.tex"
File: pgfcorepathconstruct.code.tex 2019/08/03 v3.1.4b (3.1.4b)
\pgf@path@lastx=\dimen186
\pgf@path@lasty=\dimen187
)
("C:\Users\PC\AppData\Local\Programs\MiKTeX 2.9\tex/generic/pgf/basiclayer\pgfc
orepathusage.code.tex"
File: pgfcorepathusage.code.tex 2019/08/03 v3.1.4b (3.1.4b)
\pgf@shorten@end@additional=\dimen188
\pgf@shorten@start@additional=\dimen189
)
("C:\Users\PC\AppData\Local\Programs\MiKTeX 2.9\tex/generic/pgf/basiclayer\pgfc
orescopes.code.tex"
File: pgfcorescopes.code.tex 2019/08/03 v3.1.4b (3.1.4b)
\pgfpic=\box52
\pgf@hbox=\box53
\pgf@layerbox@main=\box54
\pgf@picture@serial@count=\count278
)
("C:\Users\PC\AppData\Local\Programs\MiKTeX 2.9\tex/generic/pgf/basiclayer\pgfc
oregraphicstate.code.tex"
File: pgfcoregraphicstate.code.tex 2019/08/03 v3.1.4b (3.1.4b)
\pgflinewidth=\dimen190
)
("C:\Users\PC\AppData\Local\Programs\MiKTeX 2.9\tex/generic/pgf/basiclayer\pgfc
oretransformations.code.tex"
File: pgfcoretransformations.code.tex 2019/08/03 v3.1.4b (3.1.4b)
\pgf@pt@x=\dimen191
\pgf@pt@y=\dimen192
\pgf@pt@temp=\dimen193
)
("C:\Users\PC\AppData\Local\Programs\MiKTeX 2.9\tex/generic/pgf/basiclayer\pgfc
orequick.code.tex"
File: pgfcorequick.code.tex 2019/08/03 v3.1.4b (3.1.4b)
)
("C:\Users\PC\AppData\Local\Programs\MiKTeX 2.9\tex/generic/pgf/basiclayer\pgfc
oreobjects.code.tex"
File: pgfcoreobjects.code.tex 2019/08/03 v3.1.4b (3.1.4b)
)
("C:\Users\PC\AppData\Local\Programs\MiKTeX 2.9\tex/generic/pgf/basiclayer\pgfc
orepathprocessing.code.tex"
File: pgfcorepathprocessing.code.tex 2019/08/03 v3.1.4b (3.1.4b)
)
("C:\Users\PC\AppData\Local\Programs\MiKTeX 2.9\tex/generic/pgf/basiclayer\pgfc
orearrows.code.tex"
File: pgfcorearrows.code.tex 2019/08/03 v3.1.4b (3.1.4b)
\pgfarrowsep=\dimen194
)
("C:\Users\PC\AppData\Local\Programs\MiKTeX 2.9\tex/generic/pgf/basiclayer\pgfc
oreshade.code.tex"
File: pgfcoreshade.code.tex 2019/08/03 v3.1.4b (3.1.4b)
\pgf@max=\dimen195
\pgf@sys@shading@range@num=\count279
\pgf@shadingcount=\count280
)
("C:\Users\PC\AppData\Local\Programs\MiKTeX 2.9\tex/generic/pgf/basiclayer\pgfc
oreimage.code.tex"
File: pgfcoreimage.code.tex 2019/08/03 v3.1.4b (3.1.4b)

("C:\Users\PC\AppData\Local\Programs\MiKTeX 2.9\tex/generic/pgf/basiclayer\pgfc
oreexternal.code.tex"
File: pgfcoreexternal.code.tex 2019/08/03 v3.1.4b (3.1.4b)
\pgfexternal@startupbox=\box55
))
("C:\Users\PC\AppData\Local\Programs\MiKTeX 2.9\tex/generic/pgf/basiclayer\pgfc
orelayers.code.tex"
File: pgfcorelayers.code.tex 2019/08/03 v3.1.4b (3.1.4b)
)
("C:\Users\PC\AppData\Local\Programs\MiKTeX 2.9\tex/generic/pgf/basiclayer\pgfc
oretransparency.code.tex"
File: pgfcoretransparency.code.tex 2019/08/03 v3.1.4b (3.1.4b)
)
("C:\Users\PC\AppData\Local\Programs\MiKTeX 2.9\tex/generic/pgf/basiclayer\pgfc
orepatterns.code.tex"
File: pgfcorepatterns.code.tex 2019/08/03 v3.1.4b (3.1.4b)
)
("C:\Users\PC\AppData\Local\Programs\MiKTeX 2.9\tex/generic/pgf/basiclayer\pgfc
orerdf.code.tex"
File: pgfcorerdf.code.tex 2019/08/03 v3.1.4b (3.1.4b)
)))
("C:\Users\PC\AppData\Local\Programs\MiKTeX 2.9\tex/generic/pgf/modules\pgfmodu
leshapes.code.tex"
File: pgfmoduleshapes.code.tex 2019/08/03 v3.1.4b (3.1.4b)
\pgfnodeparttextbox=\box56
)
("C:\Users\PC\AppData\Local\Programs\MiKTeX 2.9\tex/generic/pgf/modules\pgfmodu
leplot.code.tex"
File: pgfmoduleplot.code.tex 2019/08/03 v3.1.4b (3.1.4b)
)
("C:\Users\PC\AppData\Local\Programs\MiKTeX 2.9\tex/latex/pgf/compatibility\pgf
comp-version-0-65.sty"
Package: pgfcomp-version-0-65 2019/08/03 v3.1.4b (3.1.4b)
\pgf@nodesepstart=\dimen196
\pgf@nodesepend=\dimen197
)
("C:\Users\PC\AppData\Local\Programs\MiKTeX 2.9\tex/latex/pgf/compatibility\pgf
comp-version-1-18.sty"
Package: pgfcomp-version-1-18 2019/08/03 v3.1.4b (3.1.4b)
))
("C:\Users\PC\AppData\Local\Programs\MiKTeX 2.9\tex/latex/pgf/utilities\pgffor.
sty"
("C:\Users\PC\AppData\Local\Programs\MiKTeX 2.9\tex/latex/pgf/utilities\pgfkeys
.sty"
("C:\Users\PC\AppData\Local\Programs\MiKTeX 2.9\tex/generic/pgf/utilities\pgfke
ys.code.tex"))
("C:\Users\PC\AppData\Local\Programs\MiKTeX 2.9\tex/latex/pgf/math\pgfmath.sty"

("C:\Users\PC\AppData\Local\Programs\MiKTeX 2.9\tex/generic/pgf/math\pgfmath.co
de.tex"))
("C:\Users\PC\AppData\Local\Programs\MiKTeX 2.9\tex/generic/pgf/utilities\pgffo
r.code.tex"
Package: pgffor 2019/08/03 v3.1.4b (3.1.4b)

("C:\Users\PC\AppData\Local\Programs\MiKTeX 2.9\tex/generic/pgf/math\pgfmath.co
de.tex")
\pgffor@iter=\dimen198
\pgffor@skip=\dimen199
\pgffor@stack=\toks32
\pgffor@toks=\toks33
))
("C:\Users\PC\AppData\Local\Programs\MiKTeX 2.9\tex/generic/pgf/frontendlayer/t
ikz\tikz.code.tex"
Package: tikz 2019/08/03 v3.1.4b (3.1.4b)

("C:\Users\PC\AppData\Local\Programs\MiKTeX 2.9\tex/generic/pgf/libraries\pgfli
braryplothandlers.code.tex"
File: pgflibraryplothandlers.code.tex 2019/08/03 v3.1.4b (3.1.4b)
\pgf@plot@mark@count=\count281
\pgfplotmarksize=\dimen256
)
\tikz@lastx=\dimen257
\tikz@lasty=\dimen258
\tikz@lastxsaved=\dimen259
\tikz@lastysaved=\dimen260
\tikz@lastmovetox=\dimen261
\tikz@lastmovetoy=\dimen262
\tikzleveldistance=\dimen263
\tikzsiblingdistance=\dimen264
\tikz@figbox=\box57
\tikz@figbox@bg=\box58
\tikz@tempbox=\box59
\tikz@tempbox@bg=\box60
\tikztreelevel=\count282
\tikznumberofchildren=\count283
\tikznumberofcurrentchild=\count284
\tikz@fig@count=\count285

("C:\Users\PC\AppData\Local\Programs\MiKTeX 2.9\tex/generic/pgf/modules\pgfmodu
lematrix.code.tex"
File: pgfmodulematrix.code.tex 2019/08/03 v3.1.4b (3.1.4b)
\pgfmatrixcurrentrow=\count286
\pgfmatrixcurrentcolumn=\count287
\pgf@matrix@numberofcolumns=\count288
)
\tikz@expandcount=\count289

("C:\Users\PC\AppData\Local\Programs\MiKTeX 2.9\tex/generic/pgf/frontendlayer/t
ikz/libraries\tikzlibrarytopaths.code.tex"
File: tikzlibrarytopaths.code.tex 2019/08/03 v3.1.4b (3.1.4b)
)))
("C:\Users\PC\AppData\Local\Programs\MiKTeX 2.9\tex/generic/pgf/frontendlayer/t
ikz/libraries\tikzlibrarypositioning.code.tex"
File: tikzlibrarypositioning.code.tex 2019/08/03 v3.1.4b (3.1.4b)
)
("C:\Users\PC\AppData\Local\Programs\MiKTeX 2.9\tex/latex/koma-script\scrextend
.sty"
Package: scrextend 2019/10/12 v3.27 KOMA-Script package (extend other classes w
ith features of KOMA-Script classes)

("C:\Users\PC\AppData\Local\Programs\MiKTeX 2.9\tex/latex/koma-script\scrkbase.
sty"
Package: scrkbase 2019/10/12 v3.27 KOMA-Script package (KOMA-Script-dependent b
asics and keyval usage)

("C:\Users\PC\AppData\Local\Programs\MiKTeX 2.9\tex/latex/koma-script\scrbase.s
ty"
Package: scrbase 2019/10/12 v3.27 KOMA-Script package (KOMA-Script-independent 
basics and keyval usage)

("C:\Users\PC\AppData\Local\Programs\MiKTeX 2.9\tex/latex/koma-script\scrlfile.
sty"
Package: scrlfile 2019/10/12 v3.27 KOMA-Script package (loading files)
))))
("C:\Users\PC\AppData\Local\Programs\MiKTeX 2.9\tex/generic/pgf/frontendlayer/t
ikz/libraries\tikzlibrarycalc.code.tex"
File: tikzlibrarycalc.code.tex 2019/08/03 v3.1.4b (3.1.4b)
)
Package csquotes Info: Checking for multilingual support...
Package csquotes Info: ... none found.
 (ProjectManagement.aux)
\openout1 = `ProjectManagement.aux'.

LaTeX Font Info:    Checking defaults for OML/cmm/m/it on input line 72.
LaTeX Font Info:    ... okay on input line 72.
LaTeX Font Info:    Checking defaults for T1/cmr/m/n on input line 72.
LaTeX Font Info:    ... okay on input line 72.
LaTeX Font Info:    Checking defaults for OT1/cmr/m/n on input line 72.
LaTeX Font Info:    ... okay on input line 72.
LaTeX Font Info:    Checking defaults for OMS/cmsy/m/n on input line 72.
LaTeX Font Info:    ... okay on input line 72.
LaTeX Font Info:    Checking defaults for OMX/cmex/m/n on input line 72.
LaTeX Font Info:    ... okay on input line 72.
LaTeX Font Info:    Checking defaults for U/cmr/m/n on input line 72.
LaTeX Font Info:    ... okay on input line 72.
LaTeX Font Info:    Checking defaults for T5/cmr/m/n on input line 72.
LaTeX Font Info:    ... okay on input line 72.
LaTeX Font Info:    Trying to load font information for T5+ptm on input line 72
.

("C:\Users\PC\AppData\Local\Programs\MiKTeX 2.9\tex/latex/vntex\t5ptm.fd"
File: t5utm.fd 2005/08/24 Fontinst v1.929 font definitions for T5/ptm.
)
("C:\Users\PC\AppData\Local\Programs\MiKTeX 2.9\tex/context/base/mkii\supp-pdf.
mkii"
[Loading MPS to PDF converter (version 2006.09.02).]
\scratchcounter=\count290
\scratchdimen=\dimen265
\scratchbox=\box61
\nofMPsegments=\count291
\nofMParguments=\count292
\everyMPshowfont=\toks34
\MPscratchCnt=\count293
\MPscratchDim=\dimen266
\MPnumerator=\count294
\makeMPintoPDFobject=\count295
\everyMPtoPDFconversion=\toks35
)
("C:\Users\PC\AppData\Local\Programs\MiKTeX 2.9\tex/latex/oberdiek\epstopdf-bas
e.sty"
Package: epstopdf-base 2016/05/15 v2.6 Base part for package epstopdf

("C:\Users\PC\AppData\Local\Programs\MiKTeX 2.9\tex/generic/oberdiek\infwarerr.
sty"
Package: infwarerr 2016/05/16 v1.4 Providing info/warning/error messages (HO)
)
("C:\Users\PC\AppData\Local\Programs\MiKTeX 2.9\tex/latex/oberdiek\grfext.sty"
Package: grfext 2016/05/16 v1.2 Manage graphics extensions (HO)

("C:\Users\PC\AppData\Local\Programs\MiKTeX 2.9\tex/generic/oberdiek\kvdefineke
ys.sty"
Package: kvdefinekeys 2016/05/16 v1.4 Define keys (HO)

("C:\Users\PC\AppData\Local\Programs\MiKTeX 2.9\tex/generic/oberdiek\ltxcmds.st
y"
Package: ltxcmds 2016/05/16 v1.23 LaTeX kernel commands for general use (HO)
)))
("C:\Users\PC\AppData\Local\Programs\MiKTeX 2.9\tex/latex/oberdiek\kvoptions.st
y"
Package: kvoptions 2016/05/16 v3.12 Key value format for package options (HO)

("C:\Users\PC\AppData\Local\Programs\MiKTeX 2.9\tex/generic/oberdiek\kvsetkeys.
sty"
Package: kvsetkeys 2016/05/16 v1.17 Key value parser (HO)

("C:\Users\PC\AppData\Local\Programs\MiKTeX 2.9\tex/generic/oberdiek\etexcmds.s
ty"
Package: etexcmds 2016/05/16 v1.6 Avoid name clashes with e-TeX commands (HO)

("C:\Users\PC\AppData\Local\Programs\MiKTeX 2.9\tex/generic/oberdiek\ifluatex.s
ty"
Package: ifluatex 2016/05/16 v1.4 Provides the ifluatex switch (HO)
Package ifluatex Info: LuaTeX not detected.
))))
("C:\Users\PC\AppData\Local\Programs\MiKTeX 2.9\tex/generic/oberdiek\pdftexcmds
.sty"
Package: pdftexcmds 2019/07/25 v0.30 Utility functions of pdfTeX for LuaTeX (HO
)
Package pdftexcmds Info: LuaTeX not detected.
Package pdftexcmds Info: \pdf@primitive is available.
Package pdftexcmds Info: \pdf@ifprimitive is available.
Package pdftexcmds Info: \pdfdraftmode found.
)
Package epstopdf-base Info: Redefining graphics rule for `.eps' on input line 4
38.
Package grfext Info: Graphics extension search list:
(grfext)             [.pdf,.png,.jpg,.mps,.jpeg,.jbig2,.jb2,.PDF,.PNG,.JPG,.JPE
G,.JBIG2,.JB2,.eps]
(grfext)             \AppendGraphicsExtensions on input line 456.
)
*geometry* driver: auto-detecting
*geometry* detected driver: pdftex
*geometry* verbose mode - [ preamble ] result:
* driver: pdftex
* paper: a4paper
* layout: <same size as paper>
* layoutoffset:(h,v)=(0.0pt,0.0pt)
* modes: twoside 
* h-part:(L,W,R)=(85.35826pt, 455.24411pt, 56.9055pt)
* v-part:(T,H,B)=(56.9055pt, 717.00946pt, 71.13188pt)
* \paperwidth=597.50787pt
* \paperheight=845.04684pt
* \textwidth=455.24411pt
* \textheight=717.00946pt
* \oddsidemargin=13.08827pt
* \evensidemargin=-15.36449pt
* \topmargin=-45.43198pt
* \headheight=12.0pt
* \headsep=18.06749pt
* \topskip=10.0pt
* \footskip=25.29494pt
* \marginparwidth=115.0pt
* \marginparsep=7.0pt
* \columnsep=10.0pt
* \skip\footins=12.59996pt plus 5.59938pt minus 2.80058pt
* \hoffset=0.0pt
* \voffset=0.0pt
* \mag=1000
* \@twocolumnfalse
* \@twosidetrue
* \@mparswitchtrue
* \@reversemarginfalse
* (1in=72.27pt=25.4mm, 1cm=28.453pt)

Package caption Info: Begin \AtBeginDocument code.
Package caption Info: listings package is loaded.
Package caption Info: End \AtBeginDocument code.
\c@lstlisting=\count296
ABD: EveryShipout initializing macros
LaTeX Font Info:    Font shape `T5/ptm/bx/n' in size <14> not available
(Font)              Font shape `T5/ptm/b/n' tried instead on input line 91.
<cntt.jpg, id=4, 224.84pt x 212.795pt>
File: cntt.jpg Graphic file (type jpg)
<use cntt.jpg>
Package pdftex.def Info: cntt.jpg  used on input line 96.
(pdftex.def)             Requested size: 134.90503pt x 127.67796pt.
LaTeX Font Info:    Font shape `T5/ptm/bx/n' in size <18> not available
(Font)              Font shape `T5/ptm/b/n' tried instead on input line 100.
LaTeX Font Info:    Font shape `T5/ptm/bx/sl' in size <14> not available
(Font)              Font shape `T5/ptm/b/sl' tried instead on input line 106.
LaTeX Font Info:    Font shape `T5/ptm/bx/it' in size <14> not available
(Font)              Font shape `T5/ptm/b/it' tried instead on input line 118.
 [1



{C:/Users/PC/AppData/Local/MiKTeX/2.9/pdftex/config/pdftex.map} <./cntt.jpg>] [
2


]
LaTeX Font Info:    Font shape `T5/ptm/bx/n' in size <34.83209> not available
(Font)              Font shape `T5/ptm/b/n' tried instead on input line 129.
 (ProjectManagement.toc
LaTeX Font Info:    Calculating math sizes for size <14> on input line 3.
LaTeX Font Info:    External font `cmex10' loaded for size
(Font)              <14> on input line 3.
LaTeX Font Info:    External font `cmex10' loaded for size
(Font)              <9.79996> on input line 3.
LaTeX Font Info:    External font `cmex10' loaded for size
(Font)              <7> on input line 3.
 [3]
Underfull \vbox (badness 10000) has occurred while \output is active []

 [4]
Overfull \hbox (1.33792pt too wide) in paragraph at lines 39--39
 [][] []\T5/ptm/m/n/14 Ph¥n t½ch, thi¸t k¸ nhâm quy·n 
 []

[5]
Overfull \hbox (0.84795pt too wide) in paragraph at lines 57--57
 [][] []\T5/ptm/m/n/14 X¥y düng giao di»n trang qu£n 
 []


Overfull \hbox (0.84795pt too wide) in paragraph at lines 58--58
 [][] []\T5/ptm/m/n/14 X¥y düng giao di»n trang qu£n 
 []


Overfull \hbox (4.89394pt too wide) in paragraph at lines 59--59
 [][] []\T5/ptm/m/n/14 X¥y düng t÷ìng th½ch giao di»n 
 []

[6]
Overfull \hbox (0.30196pt too wide) in paragraph at lines 72--72
 [][] []\T5/ptm/m/n/14 Kiºm thû, kh­c phöc giao di»n 
 []


Overfull \hbox (0.30196pt too wide) in paragraph at lines 73--73
 [][] []\T5/ptm/m/n/14 Kiºm thû, kh­c phöc giao di»n 
 []


Overfull \hbox (0.30196pt too wide) in paragraph at lines 74--74
 [][] []\T5/ptm/m/n/14 Kiºm thû, kh­c phöc giao di»n 
 []


Overfull \hbox (0.30196pt too wide) in paragraph at lines 75--75
 [][] []\T5/ptm/m/n/14 Kiºm thû, kh­c phöc giao di»n 
 []


Underfull \vbox (badness 10000) has occurred while \output is active []

 [7]
Overfull \hbox (11.94994pt too wide) in paragraph at lines 76--76
 [][] []\T5/ptm/m/n/14 Kiºm thû, kh­c phöc t÷ìng th½ch 
 []


Overfull \hbox (5.70595pt too wide) in paragraph at lines 78--78
 [][] []\T5/ptm/m/n/14 Kiºm thû, kh­c phöc chùc n«ng 
 []


Overfull \hbox (5.70595pt too wide) in paragraph at lines 79--79
 [][] []\T5/ptm/m/n/14 Kiºm thû, kh­c phöc chùc n«ng 
 []


Overfull \hbox (5.70595pt too wide) in paragraph at lines 80--80
 [][] []\T5/ptm/m/n/14 Kiºm thû, kh­c phöc chùc n«ng 
 []


Overfull \hbox (5.70595pt too wide) in paragraph at lines 81--81
 [][] []\T5/ptm/m/n/14 Kiºm thû, kh­c phöc chùc n«ng 
 []


Overfull \hbox (5.70595pt too wide) in paragraph at lines 82--82
 [][] []\T5/ptm/m/n/14 Kiºm thû, kh­c phöc chùc n«ng 
 []


Overfull \hbox (0.30196pt too wide) in paragraph at lines 85--85
 [][] []\T5/ptm/m/n/14 Kiºm thû, kh­c phöc giao di»n 
 []


Overfull \hbox (0.30196pt too wide) in paragraph at lines 86--86
 [][] []\T5/ptm/m/n/14 Kiºm thû, kh­c phöc giao di»n 
 []


Overfull \hbox (11.94994pt too wide) in paragraph at lines 87--87
 [][] []\T5/ptm/m/n/14 Kiºm thû, kh­c phöc t÷ìng th½ch 
 []


Underfull \vbox (badness 1057) has occurred while \output is active []

 [8]
Overfull \hbox (5.70595pt too wide) in paragraph at lines 89--89
 [][] []\T5/ptm/m/n/14 Kiºm thû, kh­c phöc chùc n«ng 
 []


Overfull \hbox (5.70595pt too wide) in paragraph at lines 90--90
 [][] []\T5/ptm/m/n/14 Kiºm thû, kh­c phöc chùc n«ng 
 []

[9])
\tf@toc=\write4
\openout4 = `ProjectManagement.toc'.

 [10]
Ch\uhorn \ohorn ng 1.
LaTeX Font Info:    Font shape `T5/ptm/bx/n' in size <29.03607> not available
(Font)              Font shape `T5/ptm/b/n' tried instead on input line 130.
[11


] [12


]
Ch\uhorn \ohorn ng 2.
LaTeX Font Info:    Font shape `T5/ptm/bx/n' in size <20.16003> not available
(Font)              Font shape `T5/ptm/b/n' tried instead on input line 133.
<sodo_website.PNG, id=47, 673.01437pt x 191.21437pt>
File: sodo_website.PNG Graphic file (type png)
<use sodo_website.PNG>
Package pdftex.def Info: sodo_website.PNG  used on input line 137.
(pdftex.def)             Requested size: 455.24411pt x 129.34422pt.
[13 <./sodo_website.PNG>]
LaTeX Font Info:    Trying to load font information for OMS+ptm on input line 1
46.

("C:\Users\PC\AppData\Local\Programs\MiKTeX 2.9\tex/latex/psnfss\omsptm.fd"
File: omsptm.fd 
)
LaTeX Font Info:    Font shape `OMS/ptm/m/n' in size <14> not available
(Font)              Font shape `OMS/cmsy/m/n' tried instead on input line 146.

[14]
Underfull \hbox (badness 10000) in paragraph at lines 165--168

 []

[15] [16


]
Ch\uhorn \ohorn ng 3.
LaTeX Font Info:    Font shape `T5/ptm/bx/n' in size <16.79996> not available
(Font)              Font shape `T5/ptm/b/n' tried instead on input line 179.
[17]
Underfull \vbox (badness 2096) has occurred while \output is active []

 [18]

LaTeX Warning: `!h' float specifier changed to `!ht'.


LaTeX Warning: `!h' float specifier changed to `!ht'.

[19] [20]

LaTeX Warning: `!h' float specifier changed to `!ht'.


LaTeX Warning: `!h' float specifier changed to `!ht'.


LaTeX Warning: `!h' float specifier changed to `!ht'.

[21]

LaTeX Warning: `!h' float specifier changed to `!ht'.


Overfull \hbox (1.17383pt too wide) in paragraph at lines 363--373
 [] 
 []

[22]
Underfull \vbox (badness 1077) has occurred while \output is active []

 [23]
[24]

LaTeX Warning: `!h' float specifier changed to `!ht'.


LaTeX Warning: `!h' float specifier changed to `!ht'.


Underfull \vbox (badness 6658) has occurred while \output is active []

 [25]

LaTeX Warning: `!h' float specifier changed to `!ht'.

[26]
Underfull \vbox (badness 10000) has occurred while \output is active []

 [27]
Underfull \vbox (badness 2318) has occurred while \output is active []

 [28]

LaTeX Warning: `!h' float specifier changed to `!ht'.

[29] [30] [31]

LaTeX Warning: `!h' float specifier changed to `!ht'.


LaTeX Warning: `!h' float specifier changed to `!ht'.


Underfull \vbox (badness 2662) has occurred while \output is active []

 [32]

LaTeX Warning: `!h' float specifier changed to `!ht'.


Underfull \vbox (badness 5832) has occurred while \output is active []

 [33]
[34] [35] [36] [37] [38]

LaTeX Warning: `!h' float specifier changed to `!ht'.

[39]
Overfull \hbox (34.29785pt too wide) in paragraph at lines 984--993
 [] 
 []

[40]
Overfull \hbox (0.40611pt too wide) in paragraph at lines 999--1015
 \T5/ptm/b/n/14 3.1.4.2.1.1 Kiºm thû, kh­c phöc giao di»n trang qu£n trà phim[]
 \T5/ptm/m/n/14 Mi¶u
 []


LaTeX Warning: `!h' float specifier changed to `!ht'.

[41]

LaTeX Warning: `!h' float specifier changed to `!ht'.


LaTeX Warning: `!h' float specifier changed to `!ht'.

[42]

LaTeX Warning: `!h' float specifier changed to `!ht'.


Underfull \vbox (badness 10000) has occurred while \output is active []

 [43]

LaTeX Warning: `!h' float specifier changed to `!ht'.


Overfull \hbox (9.76988pt too wide) in paragraph at lines 1165--1174
 [] 
 []


LaTeX Warning: `!h' float specifier changed to `!ht'.

[44]

LaTeX Warning: `!h' float specifier changed to `!ht'.


LaTeX Warning: `!h' float specifier changed to `!ht'.

[45]

LaTeX Warning: `!h' float specifier changed to `!ht'.

[46]
<RM_1_15.png, id=160, 448.67625pt x 359.84438pt>
File: RM_1_15.png Graphic file (type png)
<use RM_1_15.png>
Package pdftex.def Info: RM_1_15.png  used on input line 1263.
(pdftex.def)             Requested size: 501.90442pt x 402.55074pt.

Overfull \hbox (46.66031pt too wide) in paragraph at lines 1263--1264
 [][] 
 []

<RM_16_34.png, id=161, 450.9347pt x 359.84438pt>
File: RM_16_34.png Graphic file (type png)
<use RM_16_34.png>
Package pdftex.def Info: RM_16_34.png  used on input line 1269.
(pdftex.def)             Requested size: 501.90442pt x 400.5411pt.

Overfull \hbox (46.66031pt too wide) in paragraph at lines 1269--1270
 [][] 
 []

<RM_35_51.png, id=162, 448.67625pt x 369.63094pt>
File: RM_35_51.png Graphic file (type png)
<use RM_35_51.png>
Package pdftex.def Info: RM_35_51.png  used on input line 1275.
(pdftex.def)             Requested size: 501.90442pt x 413.49876pt.

Overfull \hbox (46.66031pt too wide) in paragraph at lines 1275--1276
 [][] 
 []

<RM_52_65.png, id=163, 450.18187pt x 295.1025pt>
File: RM_52_65.png Graphic file (type png)
<use RM_52_65.png>
Package pdftex.def Info: RM_52_65.png  used on input line 1281.
(pdftex.def)             Requested size: 501.90442pt x 329.02206pt.

Overfull \hbox (46.66031pt too wide) in paragraph at lines 1281--1282
 [][] 
 []

[47] [48 <./RM_1_15.png>] [49 <./RM_16_34.png>] [50 <./RM_35_51.png>] [51 <./RM
_52_65.png>] [52


]
Ch\uhorn \ohorn ng 4.
<Timing_1_15.png, id=187, 374.90062pt x 369.63094pt>
File: Timing_1_15.png Graphic file (type png)
<use Timing_1_15.png>
Package pdftex.def Info: Timing_1_15.png  used on input line 1290.
(pdftex.def)             Requested size: 501.90442pt x 494.87985pt.

Overfull \hbox (46.66031pt too wide) in paragraph at lines 1290--1291
 [][] 
 []

<Timing_16_32.png, id=188, 372.64218pt x 370.38374pt>
File: Timing_16_32.png Graphic file (type png)
<use Timing_16_32.png>
Package pdftex.def Info: Timing_16_32.png  used on input line 1296.
(pdftex.def)             Requested size: 501.90442pt x 498.8831pt.

Overfull \hbox (46.66031pt too wide) in paragraph at lines 1296--1297
 [][] 
 []

<Timing_33_48.png, id=189, 376.40625pt x 350.05782pt>
File: Timing_33_48.png Graphic file (type png)
<use Timing_33_48.png>
Package pdftex.def Info: Timing_33_48.png  used on input line 1302.
(pdftex.def)             Requested size: 501.90442pt x 466.8049pt.

Overfull \hbox (46.66031pt too wide) in paragraph at lines 1302--1303
 [][] 
 []

<Timing_49_64.png, id=190, 374.14781pt x 370.38374pt>
File: Timing_49_64.png Graphic file (type png)
<use Timing_49_64.png>
Package pdftex.def Info: Timing_49_64.png  used on input line 1308.
(pdftex.def)             Requested size: 501.90442pt x 496.88243pt.

Overfull \hbox (46.66031pt too wide) in paragraph at lines 1308--1309
 [][] 
 []

<Timing_65.png, id=191, 377.91188pt x 25.59563pt>
File: Timing_65.png Graphic file (type png)
<use Timing_65.png>
Package pdftex.def Info: Timing_65.png  used on input line 1314.
(pdftex.def)             Requested size: 501.90442pt x 33.9937pt.

Overfull \hbox (46.66031pt too wide) in paragraph at lines 1314--1315
 [][] 
 []


Underfull \hbox (badness 10000) in paragraph at lines 1287--1319

 []


Underfull \hbox (badness 10000) in paragraph at lines 1287--1319

 []


Underfull \hbox (badness 10000) in paragraph at lines 1287--1319

 []


Underfull \hbox (badness 10000) in paragraph at lines 1287--1319

 []


Underfull \vbox (badness 10000) has occurred while \output is active []

 [53]
[54 <./Timing_1_15.png>] [55 <./Timing_16_32.png>] [56 <./Timing_33_48.png>]
[57 <./Timing_49_64.png> <./Timing_65.png>]
<RP_1_15.png, id=213, 453.94594pt x 363.60844pt>
File: RP_1_15.png Graphic file (type png)
<use RP_1_15.png>
Package pdftex.def Info: RP_1_15.png  used on input line 1322.
(pdftex.def)             Requested size: 501.90442pt x 402.0289pt.

Overfull \hbox (46.66031pt too wide) in paragraph at lines 1322--1323
 [][] 
 []

<RP_16_34.png, id=214, 453.94594pt x 362.85562pt>
File: RP_16_34.png Graphic file (type png)
<use RP_16_34.png>
Package pdftex.def Info: RP_16_34.png  used on input line 1328.
(pdftex.def)             Requested size: 501.90442pt x 401.19655pt.

Overfull \hbox (46.66031pt too wide) in paragraph at lines 1328--1329
 [][] 
 []

<RP_35_51.png, id=215, 452.4403pt x 372.64218pt>
File: RP_35_51.png Graphic file (type png)
<use RP_35_51.png>
Package pdftex.def Info: RP_35_51.png  used on input line 1334.
(pdftex.def)             Requested size: 501.90442pt x 413.38184pt.

Overfull \hbox (46.66031pt too wide) in paragraph at lines 1334--1335
 [][] 
 []

<RP_52_65.png, id=216, 451.6875pt x 295.85532pt>
File: RP_52_65.png Graphic file (type png)
<use RP_52_65.png>
Package pdftex.def Info: RP_52_65.png  used on input line 1340.
(pdftex.def)             Requested size: 501.90442pt x 328.76894pt.

Overfull \hbox (46.66031pt too wide) in paragraph at lines 1340--1341
 [][] 
 []


LaTeX Warning: `!h' float specifier changed to `!ht'.


LaTeX Warning: `!h' float specifier changed to `!ht'.


LaTeX Warning: `!h' float specifier changed to `!ht'.

[58 <./RP_1_15.png>] [59 <./RP_16_34.png>] [60 <./RP_35_51.png>] [61 <./RP_52_6
5.png>] [62


] (ProjectManagement.lot
Underfull \vbox (badness 10000) has occurred while \output is active []

 [63]
[64]
Underfull \vbox (badness 10000) has occurred while \output is active []

 [65])
\tf@lot=\write5
\openout5 = `ProjectManagement.lot'.


[66] (ProjectManagement.lof)
\tf@lof=\write6
\openout6 = `ProjectManagement.lof'.

 [67


] (ProjectManagement.aux) ) 
Here is how much of TeX's memory you used:
 27916 strings out of 492452
 540897 string characters out of 3121465
 684348 words of memory out of 3000000
 31907 multiletter control sequences out of 15000+200000
 571444 words of font info for 45 fonts, out of 3000000 for 9000
 1141 hyphenation exceptions out of 8191
 60i,13n,67p,827b,511s stack positions out of 5000i,500n,10000p,200000b,50000s
{C:/Users/PC/AppData/Local/Programs/MiKTeX 2.9/fonts
/enc/dvips/vntex/t5.enc}<C:/Users/PC/AppData/Local/Programs/MiKTeX 2.9/fonts/ty
pe1/public/amsfonts/cm/cmsy10.pfb><C:/Users/PC/AppData/Local/Programs/MiKTeX 2.
9/fonts/type1/vntex/urwvn/utmb8v.pfb><C:/Users/PC/AppData/Local/Programs/MiKTeX
 2.9/fonts/type1/vntex/urwvn/utmb8v.pfb><C:/Users/PC/AppData/Local/Programs/MiK
TeX 2.9/fonts/type1/vntex/urwvn/utmbi8v.pfb><C:/Users/PC/AppData/Local/Programs
/MiKTeX 2.9/fonts/type1/vntex/urwvn/utmr8v.pfb><C:/Users/PC/AppData/Local/Progr
ams/MiKTeX 2.9/fonts/type1/vntex/urwvn/utmri8v.pfb>
Output written on ProjectManagement.pdf (67 pages, 762594 bytes).
PDF statistics:
 276 PDF objects out of 1000 (max. 8388607)
 0 named destinations out of 1000 (max. 500000)
 88 words of extra memory for PDF output out of 10000 (max. 10000000)

